0 info it worked if it ends with ok
1 verbose cli [ 'c:\\Program Files\\nodejs\\node.exe',
1 verbose cli   'c:\\Program Files\\nodejs\\node_modules\\npm\\bin\\npm-cli.js',
1 verbose cli   'i',
1 verbose cli   'gulp-jscs' ]
2 info using npm@2.11.3
3 info using node@v0.12.7
4 verbose install initial load of c:\Users\Станислав\Desktop\TodoBackbone\package.json
5 verbose stack Error: Failed to parse json
5 verbose stack Trailing comma in object at 10:3
5 verbose stack   },
5 verbose stack   ^
5 verbose stack     at parseError (c:\Program Files\nodejs\node_modules\npm\node_modules\read-package-json\read-json.js:379:11)
5 verbose stack     at parseJson (c:\Program Files\nodejs\node_modules\npm\node_modules\read-package-json\read-json.js:68:23)
5 verbose stack     at c:\Program Files\nodejs\node_modules\npm\node_modules\read-package-json\read-json.js:48:5
5 verbose stack     at evalmachine.<anonymous>:334:14
5 verbose stack     at c:\Program Files\nodejs\node_modules\npm\node_modules\graceful-fs\graceful-fs.js:102:5
5 verbose stack     at FSReqWrap.oncomplete (evalmachine.<anonymous>:95:15)
6 verbose cwd c:\Users\Станислав\Desktop\TodoBackbone
7 error Windows_NT 6.1.7601
8 error argv "c:\\Program Files\\nodejs\\node.exe" "c:\\Program Files\\nodejs\\node_modules\\npm\\bin\\npm-cli.js" "i" "gulp-jscs"
9 error node v0.12.7
10 error npm  v2.11.3
11 error file c:\Users\Станислав\Desktop\TodoBackbone\package.json
12 error code EJSONPARSE
13 error Failed to parse json
13 error Trailing comma in object at 10:3
13 error   },
13 error   ^
14 error File: c:\Users\Станислав\Desktop\TodoBackbone\package.json
15 error Failed to parse package.json data.
15 error package.json must be actual JSON, not just JavaScript.
15 error
15 error This is not a bug in npm.
15 error Tell the package author to fix their package.json file. JSON.parse
16 verbose exit [ 1, true ]
